<?xml version="1.0" encoding="UTF-8"?>
<!-- Generated by org.testng.reporters.JUnitXMLReporter -->
<testsuite ignored="0" hostname="DESKTOP-PDQBIIN" failures="0" tests="14" name="TutorialsNinja Tests" time="76.602" errors="0" timestamp="2024-11-08T07:32:17 SEČ">
  <testcase classname="com.tutorialsninja.testcases.RegisterTest" name="verifyRegisteringAnAccountWithMandatoryFields" time="1.478"/>
  <testcase classname="com.tutorialsninja.testcases.RegisterTest" name="verifyRegisteringAccountByProvidingAllFields" time="1.469"/>
  <testcase classname="com.tutorialsninja.testcases.RegisterTest" name="verifyRegisteringAccountWithExistingEMailAddress" time="1.077"/>
  <testcase classname="com.tutorialsninja.testcases.RegisterTest" name="verifyRegiteringAccountWithoutProvidingCredentials" time="0.583"/>
  <testcase classname="com.tutorialsninja.testcases.LoginTest" name="verifyLoginWithValidCredentials" time="1.076"/>
  <testcase classname="com.tutorialsninja.testcases.LoginTest" name="verifyLoginWithValidCredentials" time="1.31"/>
  <testcase classname="com.tutorialsninja.testcases.LoginTest" name="verifyLoginWithValidCredentials" time="1.065"/>
  <testcase classname="com.tutorialsninja.testcases.LoginTest" name="verifyLoginWithInvalidCredentials" time="0.922"/>
  <testcase classname="com.tutorialsninja.testcases.LoginTest" name="verifyLoginWithInvalidEmailAndValidPassword" time="0.828"/>
  <testcase classname="com.tutorialsninja.testcases.LoginTest" name="verifyLoginWithValidEmailAndInvalidPassword" time="0.782"/>
  <testcase classname="com.tutorialsninja.testcases.LoginTest" name="verifyLoginWithoutProvidingCredentials" time="0.644"/>
  <testcase classname="com.tutorialsninja.testcases.SearchTest" name="verifySearchWithValidProduct" time="0.732"/>
  <testcase classname="com.tutorialsninja.testcases.SearchTest" name="verifySearchWithInvalidProduct" time="0.485"/>
  <testcase classname="com.tutorialsninja.testcases.SearchTest" name="verifySearchWithoutAnyProduct" time="0.427"/>
</testsuite> <!-- TutorialsNinja Tests -->
