<?xml version="1.0" encoding="UTF-8"?>
<!-- Generated by org.testng.reporters.JUnitReportReporter -->
<testsuite hostname="DESKTOP-PDQBIIN" failures="0" tests="3" name="com.tutorialsninja.testcases.SearchTest" time="12.577" errors="0" timestamp="2024-11-08T07:32:17 SEČ" skipped="0">
  <testcase classname="com.tutorialsninja.testcases.SearchTest" name="verifySearchWithValidProduct" time="4.083"/>
  <testcase classname="com.tutorialsninja.testcases.SearchTest" name="verifySearchWithInvalidProduct" time="4.706"/>
  <testcase classname="com.tutorialsninja.testcases.SearchTest" name="verifySearchWithoutAnyProduct" time="3.788"/>
</testsuite> <!-- com.tutorialsninja.testcases.SearchTest -->
