<?xml version="1.0" encoding="UTF-8"?>
<!-- Generated by org.testng.reporters.JUnitReportReporter -->
<testsuite hostname="DESKTOP-PDQBIIN" failures="0" tests="7" name="com.tutorialsninja.testcases.LoginTest" time="35.404" errors="0" timestamp="2024-11-08T07:32:17 SEČ" skipped="0">
  <testcase classname="com.tutorialsninja.testcases.LoginTest" name="verifyLoginWithValidCredentials" time="5.234"/>
  <testcase classname="com.tutorialsninja.testcases.LoginTest" name="verifyLoginWithValidCredentials" time="4.888"/>
  <testcase classname="com.tutorialsninja.testcases.LoginTest" name="verifyLoginWithValidCredentials" time="5.277"/>
  <testcase classname="com.tutorialsninja.testcases.LoginTest" name="verifyLoginWithInvalidCredentials" time="4.739"/>
  <testcase classname="com.tutorialsninja.testcases.LoginTest" name="verifyLoginWithInvalidEmailAndValidPassword" time="4.981"/>
  <testcase classname="com.tutorialsninja.testcases.LoginTest" name="verifyLoginWithValidEmailAndInvalidPassword" time="5.202"/>
  <testcase classname="com.tutorialsninja.testcases.LoginTest" name="verifyLoginWithoutProvidingCredentials" time="5.083"/>
</testsuite> <!-- com.tutorialsninja.testcases.LoginTest -->
