<?xml version="1.0" encoding="UTF-8"?>
<!-- Generated by org.testng.reporters.JUnitReportReporter -->
<testsuite hostname="DESKTOP-PDQBIIN" failures="0" tests="4" name="com.tutorialsninja.testcases.RegisterTest" time="27.876" errors="0" timestamp="2024-11-08T07:32:17 SEČ" skipped="0">
  <testcase classname="com.tutorialsninja.testcases.RegisterTest" name="verifyRegisteringAnAccountWithMandatoryFields" time="7.247"/>
  <testcase classname="com.tutorialsninja.testcases.RegisterTest" name="verifyRegisteringAccountByProvidingAllFields" time="7.876"/>
  <testcase classname="com.tutorialsninja.testcases.RegisterTest" name="verifyRegisteringAccountWithExistingEMailAddress" time="7.097"/>
  <testcase classname="com.tutorialsninja.testcases.RegisterTest" name="verifyRegiteringAccountWithoutProvidingCredentials" time="5.656"/>
</testsuite> <!-- com.tutorialsninja.testcases.RegisterTest -->
